<?xml version="1.0" encoding="UTF-8"?>
<testsuite xmlns:xsi="http://www.w3.org/2001/XMLSchema-instance" xsi:noNamespaceSchemaLocation="https://maven.apache.org/surefire/maven-surefire-plugin/xsd/surefire-test-report-3.0.xsd" version="3.0" name="com.fidelidad.modelo.ClienteTest" time="0.078" tests="4" errors="1" skipped="0" failures="0">
  <properties>
[...]
</properties>
  <testcase name="setPuntos_actualizaPuntajeCorrectamente" classname="com.fidelidad.modelo.ClienteTest" time="0.016"/>
  <testcase name="crearCliente_correoInvalido_lanzaExcepcion" classname="com.fidelidad.modelo.ClienteTest" time="0.015"/>
  <testcase name="crearCliente_valoresInicialesCorrectos" classname="com.fidelidad.modelo.ClienteTest" time="0.012"/>
  <testcase name="setStreakDias_actualizaStreakDiasCorrectamente" classname="com.fidelidad.modelo.ClienteTest" time="0.014">
    <error message="Unresolved compilation problem: &#10;	The method setStreakDias(int) is undefined for the type Cliente&#10;" type="java.lang.Error"><![CDATA[java.lang.Error: 
Unresolved compilation problem: 
	The method setStreakDias(int) is undefined for the type Cliente

	at com.fidelidad.modelo.ClienteTest.setStreakDias_actualizaStreakDiasCorrectamente(ClienteTest.java:39)
	at java.base/java.lang.reflect.Method.invoke(Method.java:580)
	at java.base/java.util.ArrayList.forEach(ArrayList.java:1596)
	at java.base/java.util.ArrayList.forEach(ArrayList.java:1596)
]]></error>
  </testcase>
</testsuite>